1635945166311	geckodriver	INFO	Listening on 127.0.0.1:46209
1635945167322	mozrunner::runner	INFO	Running command: "/usr/bin/firefox" "--marionette" "-headless" "-no-remote" "-profile" "/tmp/rust_mozprofileQHksHj"
*** You are running in headless mode.
1635945167915	Marionette	INFO	Marionette enabled
[GFX1-]: RenderCompositorSWGL failed mapping default framebuffer, no dt
console.info: MINT: Trying to use the system region (based on LANG).
console.info: MINT: System region is GB
console.info: MINT: Trying to use the system region (based on LANG).
console.info: MINT: System region is GB
console.warn: SearchSettings: "get: No settings file exists, new profile?" (new NotFoundError("Could not open the file at /tmp/rust_mozprofileQHksHj/search.json.mozlz4", (void 0)))
JavaScript error: resource:///modules/BrowserGlue.jsm, line 4033: TypeError: invalid assignment to const 'dialogReason'
console.info: MINT: Loading search-config defaults.
JavaScript error: resource://gre/modules/TelemetryUtils.jsm, line 154: TypeError: date is undefined
1635945169161	Marionette	INFO	Listening on port 44619
1635945169250	RemoteAgent	WARN	TLS certificate errors will be ignored for this session
1635945186002	Marionette	INFO	Stopped listening on port 44619

###!!! [Parent][RunMessage] Error: Channel closing: too late to send/recv, messages will be lost

1635945563489	geckodriver	INFO	Listening on 127.0.0.1:50677
1635945564499	mozrunner::runner	INFO	Running command: "/usr/bin/firefox" "--marionette" "-headless" "-no-remote" "-profile" "/tmp/rust_mozprofilefQLf2C"
*** You are running in headless mode.
1635945565144	Marionette	INFO	Marionette enabled
[GFX1-]: RenderCompositorSWGL failed mapping default framebuffer, no dt
console.info: MINT: Trying to use the system region (based on LANG).
console.info: MINT: System region is GB
console.info: MINT: Trying to use the system region (based on LANG).
console.info: MINT: System region is GB
console.warn: SearchSettings: "get: No settings file exists, new profile?" (new NotFoundError("Could not open the file at /tmp/rust_mozprofilefQLf2C/search.json.mozlz4", (void 0)))
console.info: MINT: Loading search-config defaults.
JavaScript error: resource:///modules/BrowserGlue.jsm, line 4033: TypeError: invalid assignment to const 'dialogReason'
JavaScript error: resource://gre/modules/TelemetryUtils.jsm, line 154: TypeError: date is undefined
1635945566444	Marionette	INFO	Listening on port 44933
1635945566520	RemoteAgent	WARN	TLS certificate errors will be ignored for this session
1635945592474	Marionette	INFO	Stopped listening on port 44933

###!!! [Parent][RunMessage] Error: Channel closing: too late to send/recv, messages will be lost

